2026-06-08 12:17:22.733 [main] INFO  com.ilya.webproject.service.impl.UserServiceImpl - Registering new user: testuser
2026-06-08 12:17:22.757 [main] INFO  com.ilya.webproject.util.DatabaseConnectionPool - Tomcat JDBC Pool initialized successfully
2026-06-08 12:17:23.272 [main] DEBUG com.ilya.webproject.dao.impl.UserDaoImpl - User not found: testuser
2026-06-08 12:17:23.351 [main] DEBUG com.ilya.webproject.util.PasswordUtil - Password hashed successfully
2026-06-08 12:17:23.364 [main] INFO  com.ilya.webproject.dao.impl.UserDaoImpl - User saved successfully: testuser
2026-06-08 12:17:23.374 [main] INFO  com.ilya.webproject.service.impl.UserServiceImpl - Registering new user: testuser
2026-06-08 12:17:23.379 [main] DEBUG com.ilya.webproject.dao.impl.UserDaoImpl - User found: testuser
2026-06-08 12:17:23.379 [main] WARN  com.ilya.webproject.service.impl.UserServiceImpl - Username testuser is already taken
2026-06-08 12:17:23.381 [main] INFO  com.ilya.webproject.service.impl.UserServiceImpl - Login attempt for user: testuser
2026-06-08 12:17:23.382 [main] DEBUG com.ilya.webproject.dao.impl.UserDaoImpl - User found: testuser
2026-06-08 12:17:23.449 [main] DEBUG com.ilya.webproject.util.PasswordUtil - Password check result: true
2026-06-08 12:17:23.450 [main] INFO  com.ilya.webproject.service.impl.UserServiceImpl - Login successful for user: testuser
2026-06-08 12:17:23.453 [main] INFO  com.ilya.webproject.service.impl.UserServiceImpl - Login attempt for user: testuser
2026-06-08 12:17:23.454 [main] DEBUG com.ilya.webproject.dao.impl.UserDaoImpl - User found: testuser
2026-06-08 12:17:23.522 [main] DEBUG com.ilya.webproject.util.PasswordUtil - Password check result: false
2026-06-08 12:17:23.522 [main] WARN  com.ilya.webproject.service.impl.UserServiceImpl - Invalid password for user: testuser
2026-06-08 12:17:23.524 [main] INFO  com.ilya.webproject.service.impl.UserServiceImpl - Login attempt for user: nonexistent
2026-06-08 12:17:23.526 [main] DEBUG com.ilya.webproject.dao.impl.UserDaoImpl - User not found: nonexistent
2026-06-08 12:17:23.526 [main] WARN  com.ilya.webproject.service.impl.UserServiceImpl - User not found: nonexistent
2026-06-08 12:17:23.531 [main] DEBUG com.ilya.webproject.dao.impl.UserDaoImpl - User found: testuser
2026-06-08 12:17:23.534 [main] DEBUG com.ilya.webproject.dao.impl.UserDaoImpl - User not found: nonexistent
2026-06-08 12:17:23.541 [main] DEBUG com.ilya.webproject.dao.impl.UserDaoImpl - User found: testuser
2026-06-08 12:17:23.547 [main] INFO  com.ilya.webproject.service.impl.UserServiceImpl - Finding all users
2026-06-08 12:17:23.556 [main] INFO  com.ilya.webproject.dao.impl.UserDaoImpl - Found 4 users
2026-06-08 12:17:23.557 [main] INFO  com.ilya.webproject.service.impl.UserServiceImpl - Deleting user with id: 5
2026-06-08 12:17:23.570 [main] INFO  com.ilya.webproject.dao.impl.UserDaoImpl - User deleted with id: 5
2026-06-08 12:17:23.587 [main] INFO  com.ilya.webproject.dao.impl.ProductDaoImpl - Product saved successfully: Test Product
2026-06-08 12:17:23.594 [main] INFO  com.ilya.webproject.dao.impl.ProductDaoImpl - Found 4 products
2026-06-08 12:17:23.599 [main] INFO  com.ilya.webproject.dao.impl.ProductDaoImpl - Product updated: Updated Product
2026-06-08 12:17:23.604 [main] INFO  com.ilya.webproject.dao.impl.ProductDaoImpl - Stock updated for product id: 4, quantity: 5
2026-06-08 12:17:23.612 [main] INFO  com.ilya.webproject.dao.impl.ProductDaoImpl - Product deleted with id: 4
2026-06-08 12:17:23.618 [main] INFO  com.ilya.webproject.dao.impl.ProductDaoImpl - Found 1 products with name containing: Laptop
2026-06-08 12:17:23.685 [main] DEBUG com.ilya.webproject.util.PasswordUtil - Password hashed successfully
2026-06-08 12:17:23.752 [main] DEBUG com.ilya.webproject.util.PasswordUtil - Password hashed successfully
2026-06-08 12:17:23.816 [main] DEBUG com.ilya.webproject.util.PasswordUtil - Password check result: false
2026-06-08 12:17:23.883 [main] DEBUG com.ilya.webproject.util.PasswordUtil - Password hashed successfully
2026-06-08 12:17:23.949 [main] DEBUG com.ilya.webproject.util.PasswordUtil - Password check result: true
